[28.04.2015 11:13:31,290] [main] INFO  org.jgap.gp.impl.GPGenotype  - Best solution fitness: 90.93
[28.04.2015 11:13:31,290] [main] INFO  org.jgap.gp.impl.GPGenotype  - Best solution: (bn - (m - m)) / -3 ==> Arg(2)
[28.04.2015 11:13:31,290] [main] INFO  org.jgap.gp.impl.GPGenotype  - Depths of chroms: 3 / 0
[28.04.2015 11:13:31,321] [main] INFO  org.jgap.gp.impl.GPGenotype  - Best solution fitness: 92.36
[28.04.2015 11:13:31,321] [main] INFO  org.jgap.gp.impl.GPGenotype  - Best solution: ((nn * usz) / -3) - (4 / -3) ==> (Arg(1) + Arg(0) + Arg(1)) + (Arg(0) + Arg(0) + Arg(2)) + (Arg(2) + Arg(1) + Arg(2))
[28.04.2015 11:13:31,321] [main] INFO  org.jgap.gp.impl.GPGenotype  - Depths of chroms: 3 / 2
[28.04.2015 11:13:31,352] [main] INFO  org.jgap.gp.impl.GPGenotype  - Best solution fitness: 93.07
[28.04.2015 11:13:31,352] [main] INFO  org.jgap.gp.impl.GPGenotype  - Best solution: (bn - (((bc / usz) - (m - m)) - m)) / -3 ==> Arg(2)
[28.04.2015 11:13:31,352] [main] INFO  org.jgap.gp.impl.GPGenotype  - Depths of chroms: 5 / 0
[28.04.2015 11:13:31,399] [main] INFO  org.jgap.gp.impl.GPGenotype  - Best solution fitness: 95.70
[28.04.2015 11:13:31,399] [main] INFO  org.jgap.gp.impl.GPGenotype  - Best solution: (bn - ((((bn + 4) / (sesz + ushp)) - (m - m)) - m)) / -3 ==> Arg(2)
[28.04.2015 11:13:31,399] [main] INFO  org.jgap.gp.impl.GPGenotype  - Depths of chroms: 6 / 0
[28.04.2015 11:13:31,462] [main] INFO  org.jgap.gp.impl.GPGenotype  - Evolving generation 25, memory free: 80.1 MB
[28.04.2015 11:13:31,571] [main] INFO  org.jgap.gp.impl.GPGenotype  - Best solution fitness: 96.18
[28.04.2015 11:13:31,571] [main] INFO  org.jgap.gp.impl.GPGenotype  - Best solution: (bn - ((((bn + 4) / (nn * usz)) - (m - m)) - m)) / -3 ==> Arg(2)
[28.04.2015 11:13:31,571] [main] INFO  org.jgap.gp.impl.GPGenotype  - Depths of chroms: 6 / 0
[28.04.2015 11:13:31,649] [main] INFO  org.jgap.gp.impl.GPGenotype  - Best solution fitness: 96.89
[28.04.2015 11:13:31,649] [main] INFO  org.jgap.gp.impl.GPGenotype  - Best solution: (bn - ((((10 + 4) / (nn * usz)) - (m - m)) - m)) / -3 ==> Arg(2) + (Arg(1) + Arg(0) + Arg(0)) + Arg(2)
[28.04.2015 11:13:31,649] [main] INFO  org.jgap.gp.impl.GPGenotype  - Depths of chroms: 6 / 2
[28.04.2015 11:13:31,837] [main] INFO  org.jgap.gp.impl.GPGenotype  - Evolving generation 50, memory free: 77.1 MB
[28.04.2015 11:13:31,892] [main] INFO  org.jgap.gp.impl.GPGenotype  - Best solution fitness: 97.13
[28.04.2015 11:13:31,893] [main] INFO  org.jgap.gp.impl.GPGenotype  - Best solution: (bn - ((((10 + (10 + 4)) / (nn * usz)) - (m - m)) - m)) / -3 ==> Arg(1) + Arg(0) + (Arg(2) + Arg(1) + (Arg(0) + (Arg(2) + Arg(1) + Arg(2)) + Arg(2)))
[28.04.2015 11:13:31,893] [main] INFO  org.jgap.gp.impl.GPGenotype  - Depths of chroms: 7 / 4
[28.04.2015 11:13:32,351] [main] INFO  org.jgap.gp.impl.GPGenotype  - Evolving generation 75, memory free: 96.4 MB
[28.04.2015 11:13:32,858] [main] INFO  org.jgap.gp.impl.GPGenotype  - Evolving generation 100, memory free: 82.9 MB
[28.04.2015 11:13:33,295] [main] INFO  org.jgap.gp.impl.GPGenotype  - Evolving generation 125, memory free: 88.0 MB
[28.04.2015 11:13:33,724] [main] INFO  org.jgap.gp.impl.GPGenotype  - Evolving generation 150, memory free: 94.1 MB
[28.04.2015 11:13:34,226] [main] INFO  org.jgap.gp.impl.GPGenotype  - Evolving generation 175, memory free: 77.7 MB
[28.04.2015 11:13:34,731] [main] INFO  org.jgap.gp.impl.GPGenotype  - Best solution fitness: 97.13
[28.04.2015 11:13:34,731] [main] INFO  org.jgap.gp.impl.GPGenotype  - Best solution: (bn - ((((10 + (10 + 4)) / (nn * usz)) - (m - m)) - m)) / -3 ==> Arg(1) + Arg(0) + (Arg(2) + Arg(1) + (Arg(0) + (Arg(2) + Arg(1) + Arg(2)) + Arg(2)))
[28.04.2015 11:13:34,731] [main] INFO  org.jgap.gp.impl.GPGenotype  - Depths of chroms: 7 / 4
